# JRE version: OpenJDK Runtime Environment (11.0.15) (build 11.0.15+0-b2043.56-9505619)
# Java VM: OpenJDK 64-Bit Server VM (11.0.15+0-b2043.56-9505619, mixed mode, tiered, compressed oops, g1 gc, windows-amd64)
Heap:
 garbage-first heap   total 262144K, used 214766K [0x0000000080000000, 0x0000000100000000)
  region size 1024K, 25 young (25600K), 1 survivors (1024K)
 Metaspace       used 124032K, capacity 127460K, committed 128296K, reserved 1161216K
  class space    used 15289K, capacity 16548K, committed 16876K, reserved 1048576K
GC Heap History (20 events):
Event: 5451.384 GC heap before
{Heap before GC invocations=77 (full 0):
 garbage-first heap   total 262144K, used 195119K [0x0000000080000000, 0x0000000100000000)
  region size 1024K, 12 young (12288K), 2 survivors (2048K)
 Metaspace       used 118047K, capacity 121662K, committed 122920K, reserved 1157120K
  class space    used 14620K, capacity 15914K, committed 16364K, reserved 1048576K
}
Event: 5451.404 GC heap after
{Heap after GC invocations=78 (full 0):
 garbage-first heap   total 262144K, used 184150K [0x0000000080000000, 0x0000000100000000)
  region size 1024K, 1 young (1024K), 1 survivors (1024K)
 Metaspace       used 118047K, capacity 121662K, committed 122920K, reserved 1157120K
  class space    used 14620K, capacity 15914K, committed 16364K, reserved 1048576K
}
Event: 6171.624 GC heap before
{Heap before GC invocations=78 (full 0):
 garbage-first heap   total 262144K, used 221014K [0x0000000080000000, 0x0000000100000000)
  region size 1024K, 37 young (37888K), 1 survivors (1024K)
 Metaspace       used 118318K, capacity 121925K, committed 122920K, reserved 1157120K
  class space    used 14651K, capacity 15978K, committed 16364K, reserved 1048576K
}
Event: 6171.637 GC heap after
{Heap after GC invocations=79 (full 0):
 garbage-first heap   total 262144K, used 186066K [0x0000000080000000, 0x0000000100000000)
  region size 1024K, 3 young (3072K), 3 survivors (3072K)
 Metaspace       used 118318K, capacity 121925K, committed 122920K, reserved 1157120K
  class space    used 14651K, capacity 15978K, committed 16364K, reserved 1048576K
}
Event: 6172.696 GC heap before
{Heap before GC invocations=80 (full 0):
 garbage-first heap   total 262144K, used 222930K [0x0000000080000000, 0x0000000100000000)
  region size 1024K, 39 young (39936K), 3 survivors (3072K)
 Metaspace       used 118513K, capacity 121667K, committed 123432K, reserved 1157120K
  class space    used 14645K, capacity 15815K, committed 16364K, reserved 1048576K
}
Event: 6172.712 GC heap after
{Heap after GC invocations=81 (full 0):
 garbage-first heap   total 262144K, used 190756K [0x0000000080000000, 0x0000000100000000)
  region size 1024K, 5 young (5120K), 5 survivors (5120K)
 Metaspace       used 118513K, capacity 121667K, committed 123432K, reserved 1157120K
  class space    used 14645K, capacity 15815K, committed 16364K, reserved 1048576K
}
Event: 6172.850 GC heap before
{Heap before GC invocations=81 (full 0):
 garbage-first heap   total 262144K, used 197924K [0x0000000080000000, 0x0000000100000000)
  region size 1024K, 12 young (12288K), 5 survivors (5120K)
 Metaspace       used 118815K, capacity 121964K, committed 123688K, reserved 1157120K
  class space    used 14681K, capacity 15849K, committed 16364K, reserved 1048576K
}
Event: 6172.879 GC heap after
{Heap after GC invocations=82 (full 0):
 garbage-first heap   total 262144K, used 178955K [0x0000000080000000, 0x0000000100000000)
  region size 1024K, 1 young (1024K), 1 survivors (1024K)
 Metaspace       used 118815K, capacity 121964K, committed 123688K, reserved 1157120K
  class space    used 14681K, capacity 15849K, committed 16364K, reserved 1048576K
}
Event: 6173.812 GC heap before
{Heap before GC invocations=82 (full 0):
 garbage-first heap   total 262144K, used 218891K [0x0000000080000000, 0x0000000100000000)
  region size 1024K, 40 young (40960K), 1 survivors (1024K)
 Metaspace       used 119240K, capacity 122459K, committed 123944K, reserved 1157120K
  class space    used 14728K, capacity 15902K, committed 16364K, reserved 1048576K
}
Event: 6173.823 GC heap after
{Heap after GC invocations=83 (full 0):
 garbage-first heap   total 262144K, used 184114K [0x0000000080000000, 0x0000000100000000)
  region size 1024K, 5 young (5120K), 5 survivors (5120K)
 Metaspace       used 119240K, capacity 122459K, committed 123944K, reserved 1157120K
  class space    used 14728K, capacity 15902K, committed 16364K, reserved 1048576K
}
Event: 6175.073 GC heap before
{Heap before GC invocations=84 (full 0):
 garbage-first heap   total 262144K, used 219954K [0x0000000080000000, 0x0000000100000000)
  region size 1024K, 41 young (41984K), 5 survivors (5120K)
 Metaspace       used 120980K, capacity 124380K, committed 125480K, reserved 1159168K
  class space    used 14971K, capacity 16221K, committed 16620K, reserved 1048576K
}
Event: 6175.087 GC heap after
{Heap after GC invocations=85 (full 0):
 garbage-first heap   total 262144K, used 188695K [0x0000000080000000, 0x0000000100000000)
  region size 1024K, 5 young (5120K), 5 survivors (5120K)
 Metaspace       used 120980K, capacity 124380K, committed 125480K, reserved 1159168K
  class space    used 14971K, capacity 16221K, committed 16620K, reserved 1048576K
}
Event: 6175.356 GC heap before
{Heap before GC invocations=85 (full 0):
 garbage-first heap   total 262144K, used 195863K [0x0000000080000000, 0x0000000100000000)
  region size 1024K, 12 young (12288K), 5 survivors (5120K)
 Metaspace       used 120990K, capacity 124386K, committed 125480K, reserved 1159168K
  class space    used 14971K, capacity 16222K, committed 16620K, reserved 1048576K
}
Event: 6175.367 GC heap after
{Heap after GC invocations=86 (full 0):
 garbage-first heap   total 262144K, used 189708K [0x0000000080000000, 0x0000000100000000)
  region size 1024K, 2 young (2048K), 2 survivors (2048K)
 Metaspace       used 120990K, capacity 124386K, committed 125480K, reserved 1159168K
  class space    used 14971K, capacity 16222K, committed 16620K, reserved 1048576K
}
Event: 6177.169 GC heap before
{Heap before GC invocations=86 (full 0):
 garbage-first heap   total 262144K, used 222476K [0x0000000080000000, 0x0000000100000000)
  region size 1024K, 35 young (35840K), 2 survivors (2048K)
 Metaspace       used 121425K, capacity 124817K, committed 125736K, reserved 1159168K
  class space    used 15028K, capacity 16268K, committed 16620K, reserved 1048576K
}
Event: 6177.175 GC heap after
{Heap after GC invocations=87 (full 0):
 garbage-first heap   total 262144K, used 191008K [0x0000000080000000, 0x0000000100000000)
  region size 1024K, 3 young (3072K), 3 survivors (3072K)
 Metaspace       used 121425K, capacity 124817K, committed 125736K, reserved 1159168K
  class space    used 15028K, capacity 16268K, committed 16620K, reserved 1048576K
}
Event: 6180.293 GC heap before
{Heap before GC invocations=88 (full 0):
 garbage-first heap   total 262144K, used 223776K [0x0000000080000000, 0x0000000100000000)
  region size 1024K, 36 young (36864K), 3 survivors (3072K)
 Metaspace       used 123854K, capacity 127267K, committed 128296K, reserved 1161216K
  class space    used 15289K, capacity 16548K, committed 16876K, reserved 1048576K
}
Event: 6180.298 GC heap after
{Heap after GC invocations=89 (full 0):
 garbage-first heap   total 262144K, used 192738K [0x0000000080000000, 0x0000000100000000)
  region size 1024K, 5 young (5120K), 5 survivors (5120K)
 Metaspace       used 123854K, capacity 127267K, committed 128296K, reserved 1161216K
  class space    used 15289K, capacity 16548K, committed 16876K, reserved 1048576K
}
Event: 6181.064 GC heap before
{Heap before GC invocations=89 (full 0):
 garbage-first heap   total 262144K, used 199906K [0x0000000080000000, 0x0000000100000000)
  region size 1024K, 12 young (12288K), 5 survivors (5120K)
 Metaspace       used 123905K, capacity 127332K, committed 128296K, reserved 1161216K
  class space    used 15289K, capacity 16548K, committed 16876K, reserved 1048576K
}
Event: 6181.074 GC heap after
{Heap after GC invocations=90 (full 0):
 garbage-first heap   total 262144K, used 192238K [0x0000000080000000, 0x0000000100000000)
  region size 1024K, 1 young (1024K), 1 survivors (1024K)
 Metaspace       used 123905K, capacity 127332K, committed 128296K, reserved 1161216K
  class space    used 15289K, capacity 16548K, committed 16876K, reserved 1048576K
}

